0 info it worked if it ends with ok
1 verbose cli [ 'C:\\Program Files\\nodejs\\node.exe',
1 verbose cli   'C:\\Program Files\\nodejs\\node_modules\\npm\\bin\\npm-cli.js',
1 verbose cli   'run',
1 verbose cli   'json' ]
2 info using npm@3.10.10
3 info using node@v6.10.1
4 verbose run-script [ 'prejson', 'json', 'postjson' ]
5 info lifecycle sports-store@0.0.0~prejson: sports-store@0.0.0
6 silly lifecycle sports-store@0.0.0~prejson: no script for prejson, continuing
7 info lifecycle sports-store@0.0.0~json: sports-store@0.0.0
8 verbose lifecycle sports-store@0.0.0~json: unsafe-perm in lifecycle true
9 verbose lifecycle sports-store@0.0.0~json: PATH: C:\Program Files\nodejs\node_modules\npm\bin\node-gyp-bin;C:\Angular\news-temp\node_modules\.bin;C:\Program Files (x86)\Common Files\Intel\Shared Files\cpp\bin\Intel64;C:\Windows\system32;C:\Windows;C:\Windows\System32\Wbem;C:\Windows\System32\WindowsPowerShell\v1.0\;C:\Program Files (x86)\NVIDIA Corporation\PhysX\Common;C:\Program Files (x86)\Autodesk\Backburner\;C:\Program Files\Common Files\Autodesk Shared\;C:\Program Files (x86)\Skype\Phone\;C:\Program Files\Microsoft SQL Server\120\Tools\Binn\;C:\Program Files\Microsoft SQL Server\Client SDK\ODBC\110\Tools\Binn\;C:\Program Files (x86)\Microsoft SQL Server\120\Tools\Binn\;C:\Program Files\Microsoft SQL Server\120\DTS\Binn\;C:\Program Files (x86)\Microsoft SQL Server\120\Tools\Binn\ManagementStudio\;C:\Program Files (x86)\Microsoft SQL Server\120\DTS\Binn\;C:\Program Files\dotnet\;C:\Program Files\Microsoft SQL Server\130\Tools\Binn\;C:\Program Files\nodejs\;C:\Program Files\Git\cmd;C:\Users\admin\AppData\Roaming\npm
10 verbose lifecycle sports-store@0.0.0~json: CWD: C:\Angular\news-temp
11 silly lifecycle sports-store@0.0.0~json: Args: [ '/d /s /c',
11 silly lifecycle   'json-server data.js -p 3500 -m authMiddleware.js' ]
12 silly lifecycle sports-store@0.0.0~json: Returned: code: 3221225786  signal: null
13 info lifecycle sports-store@0.0.0~json: Failed to exec json script
14 verbose stack Error: sports-store@0.0.0 json: `json-server data.js -p 3500 -m authMiddleware.js`
14 verbose stack Exit status 3221225786
14 verbose stack     at EventEmitter.<anonymous> (C:\Program Files\nodejs\node_modules\npm\lib\utils\lifecycle.js:255:16)
14 verbose stack     at emitTwo (events.js:106:13)
14 verbose stack     at EventEmitter.emit (events.js:191:7)
14 verbose stack     at ChildProcess.<anonymous> (C:\Program Files\nodejs\node_modules\npm\lib\utils\spawn.js:40:14)
14 verbose stack     at emitTwo (events.js:106:13)
14 verbose stack     at ChildProcess.emit (events.js:191:7)
14 verbose stack     at maybeClose (internal/child_process.js:886:16)
14 verbose stack     at Process.ChildProcess._handle.onexit (internal/child_process.js:226:5)
15 verbose pkgid sports-store@0.0.0
16 verbose cwd C:\Angular\news-temp
17 error Windows_NT 6.1.7601
18 error argv "C:\\Program Files\\nodejs\\node.exe" "C:\\Program Files\\nodejs\\node_modules\\npm\\bin\\npm-cli.js" "run" "json"
19 error node v6.10.1
20 error npm  v3.10.10
21 error code ELIFECYCLE
22 error sports-store@0.0.0 json: `json-server data.js -p 3500 -m authMiddleware.js`
22 error Exit status 3221225786
23 error Failed at the sports-store@0.0.0 json script 'json-server data.js -p 3500 -m authMiddleware.js'.
23 error Make sure you have the latest version of node.js and npm installed.
23 error If you do, this is most likely a problem with the sports-store package,
23 error not with npm itself.
23 error Tell the author that this fails on your system:
23 error     json-server data.js -p 3500 -m authMiddleware.js
23 error You can get information on how to open an issue for this project with:
23 error     npm bugs sports-store
23 error Or if that isn't available, you can get their info via:
23 error     npm owner ls sports-store
23 error There is likely additional logging output above.
24 verbose exit [ 1, true ]
